kotlin version: 2.0.21
error message: org.jetbrains.kotlin.backend.common.BackendException: Backend Internal error: Exception during IR lowering
File being compiled: D:/LiveFlightTrackerApp/app/src/main/java/com/example/liveflighttrackerapp/presentation/activities/MainActivity.kt
The root cause java.lang.RuntimeException was thrown at: org.jetbrains.kotlin.backend.jvm.codegen.FunctionCodegen.generate(FunctionCodegen.kt:47)
	at org.jetbrains.kotlin.backend.common.CodegenUtil.reportBackendException(CodegenUtil.kt:253)
	at org.jetbrains.kotlin.backend.common.CodegenUtil.reportBackendException$default(CodegenUtil.kt:236)
	at org.jetbrains.kotlin.backend.common.phaser.PerformByIrFilePhase.invokeSequential(performByIrFile.kt:65)
	at org.jetbrains.kotlin.backend.common.phaser.PerformByIrFilePhase.invoke(performByIrFile.kt:52)
	at org.jetbrains.kotlin.backend.common.phaser.PerformByIrFilePhase.invoke(performByIrFile.kt:38)
	at org.jetbrains.kotlin.backend.common.phaser.NamedCompilerPhase.phaseBody(CompilerPhase.kt:166)
	at org.jetbrains.kotlin.backend.common.phaser.AbstractNamedCompilerPhase.invoke(CompilerPhase.kt:113)
	at org.jetbrains.kotlin.backend.common.phaser.CompositePhase.invoke(PhaseBuilders.kt:27)
	at org.jetbrains.kotlin.backend.common.phaser.CompositePhase.invoke(PhaseBuilders.kt:14)
	at org.jetbrains.kotlin.backend.common.phaser.NamedCompilerPhase.phaseBody(CompilerPhase.kt:166)
	at org.jetbrains.kotlin.backend.common.phaser.AbstractNamedCompilerPhase.invoke(CompilerPhase.kt:113)
	at org.jetbrains.kotlin.backend.common.phaser.CompilerPhaseKt.invokeToplevel(CompilerPhase.kt:62)
	at org.jetbrains.kotlin.backend.jvm.JvmIrCodegenFactory.invokeCodegen(JvmIrCodegenFactory.kt:371)
	at org.jetbrains.kotlin.codegen.CodegenFactory.generateModule(CodegenFactory.kt:47)
	at org.jetbrains.kotlin.backend.jvm.JvmIrCodegenFactory.generateModuleInFrontendIRMode(JvmIrCodegenFactory.kt:433)
	at org.jetbrains.kotlin.cli.jvm.compiler.pipeline.JvmCompilerPipelineKt.generateCodeFromIr(jvmCompilerPipeline.kt:246)
	at org.jetbrains.kotlin.cli.jvm.compiler.pipeline.JvmCompilerPipelineKt.compileModulesUsingFrontendIrAndLightTree(jvmCompilerPipeline.kt:142)
	at org.jetbrains.kotlin.cli.jvm.K2JVMCompiler.doExecute(K2JVMCompiler.kt:148)
	at org.jetbrains.kotlin.cli.jvm.K2JVMCompiler.doExecute(K2JVMCompiler.kt:43)
	at org.jetbrains.kotlin.cli.common.CLICompiler.execImpl(CLICompiler.kt:103)
	at org.jetbrains.kotlin.cli.common.CLICompiler.execImpl(CLICompiler.kt:49)
	at org.jetbrains.kotlin.cli.common.CLITool.exec(CLITool.kt:101)
	at org.jetbrains.kotlin.incremental.IncrementalJvmCompilerRunner.runCompiler(IncrementalJvmCompilerRunner.kt:464)
	at org.jetbrains.kotlin.incremental.IncrementalJvmCompilerRunner.runCompiler(IncrementalJvmCompilerRunner.kt:73)
	at org.jetbrains.kotlin.incremental.IncrementalCompilerRunner.doCompile(IncrementalCompilerRunner.kt:506)
	at org.jetbrains.kotlin.incremental.IncrementalCompilerRunner.compileImpl(IncrementalCompilerRunner.kt:423)
	at org.jetbrains.kotlin.incremental.IncrementalCompilerRunner.compileNonIncrementally(IncrementalCompilerRunner.kt:301)
	at org.jetbrains.kotlin.incremental.IncrementalCompilerRunner.compile(IncrementalCompilerRunner.kt:129)
	at org.jetbrains.kotlin.daemon.CompileServiceImplBase.execIncrementalCompiler(CompileServiceImpl.kt:675)
	at org.jetbrains.kotlin.daemon.CompileServiceImplBase.access$execIncrementalCompiler(CompileServiceImpl.kt:92)
	at org.jetbrains.kotlin.daemon.CompileServiceImpl.compile(CompileServiceImpl.kt:1660)
	at java.base/jdk.internal.reflect.DirectMethodHandleAccessor.invoke(Unknown Source)
	at java.base/java.lang.reflect.Method.invoke(Unknown Source)
	at java.rmi/sun.rmi.server.UnicastServerRef.dispatch(Unknown Source)
	at java.rmi/sun.rmi.transport.Transport$1.run(Unknown Source)
	at java.rmi/sun.rmi.transport.Transport$1.run(Unknown Source)
	at java.base/java.security.AccessController.doPrivileged(Unknown Source)
	at java.rmi/sun.rmi.transport.Transport.serviceCall(Unknown Source)
	at java.rmi/sun.rmi.transport.tcp.TCPTransport.handleMessages(Unknown Source)
	at java.rmi/sun.rmi.transport.tcp.TCPTransport$ConnectionHandler.run0(Unknown Source)
	at java.rmi/sun.rmi.transport.tcp.TCPTransport$ConnectionHandler.lambda$run$0(Unknown Source)
	at java.base/java.security.AccessController.doPrivileged(Unknown Source)
	at java.rmi/sun.rmi.transport.tcp.TCPTransport$ConnectionHandler.run(Unknown Source)
	at java.base/java.util.concurrent.ThreadPoolExecutor.runWorker(Unknown Source)
	at java.base/java.util.concurrent.ThreadPoolExecutor$Worker.run(Unknown Source)
	at java.base/java.lang.Thread.run(Unknown Source)
Caused by: java.lang.RuntimeException: Exception while generating code for:
FUN LOCAL_FUNCTION_FOR_LAMBDA name:initViewPagerAndBottomNavigationListener$lambda$28$lambda$27 visibility:private modality:FINAL <> (this$0:com.example.liveflighttrackerapp.presentation.activities.MainActivity, $this_apply:com.example.liveflighttrackerapp.databinding.ActivityMainBinding, item:@[EnhancedNullability] android.view.MenuItem) returnType:kotlin.Boolean
  VALUE_PARAMETER BOUND_VALUE_PARAMETER name:this$0 index:0 type:com.example.liveflighttrackerapp.presentation.activities.MainActivity
  VALUE_PARAMETER BOUND_VALUE_PARAMETER name:$this_apply index:1 type:com.example.liveflighttrackerapp.databinding.ActivityMainBinding
  VALUE_PARAMETER name:item index:2 type:@[EnhancedNullability] android.view.MenuItem
  BLOCK_BODY
    BLOCK type=kotlin.Unit origin=WHEN
      VAR IR_TEMPORARY_VARIABLE name:tmp0_subject type:kotlin.Int [val]
        CALL 'public abstract fun getItemId (): kotlin.Int declared in android.view.MenuItem' type=kotlin.Int origin=GET_PROPERTY
          $this: GET_VAR 'item: @[EnhancedNullability] android.view.MenuItem declared in com.example.liveflighttrackerapp.presentation.activities.MainActivity.initViewPagerAndBottomNavigationListener$lambda$28$lambda$27' type=@[EnhancedNullability] android.view.MenuItem origin=null
      WHEN type=kotlin.Unit origin=WHEN
        BRANCH
          if: CALL 'public final fun EQEQ (arg0: kotlin.Any?, arg1: kotlin.Any?): kotlin.Boolean declared in kotlin.internal.ir' type=kotlin.Boolean origin=EQEQ
            arg0: GET_VAR 'val tmp0_subject: kotlin.Int [val] declared in com.example.liveflighttrackerapp.presentation.activities.MainActivity.initViewPagerAndBottomNavigationListener$lambda$28$lambda$27' type=kotlin.Int origin=null
            arg1: GET_FIELD 'FIELD IR_EXTERNAL_JAVA_DECLARATION_STUB name:nav_map type:kotlin.Int visibility:public [static] declared in com.example.liveflighttrackerapp.R.id' type=kotlin.Int superQualifierSymbol=com.example.liveflighttrackerapp.R.id origin=null
          then: BLOCK type=kotlin.Unit origin=null
            SET_FIELD 'FIELD IR_EXTERNAL_JAVA_DECLARATION_STUB name:statusBarColor type:kotlin.Int visibility:public [final,static] declared in android.R.attr' type=kotlin.Unit superQualifierSymbol=android.R.attr origin=EQ
              value: CALL 'public open fun getColor (p0: @[NonNull] @[FlexibleNullability] android.content.Context?, p1: kotlin.Int): kotlin.Int declared in androidx.core.content.ContextCompat' type=kotlin.Int origin=null
                p0: GET_VAR 'this$0: com.example.liveflighttrackerapp.presentation.activities.MainActivity declared in com.example.liveflighttrackerapp.presentation.activities.MainActivity.initViewPagerAndBottomNavigationListener$lambda$28$lambda$27' type=com.example.liveflighttrackerapp.presentation.activities.MainActivity origin=null
                p1: GET_FIELD 'FIELD IR_EXTERNAL_JAVA_DECLARATION_STUB name:white type:kotlin.Int visibility:public [static] declared in com.example.liveflighttrackerapp.R.color' type=kotlin.Int superQualifierSymbol=com.example.liveflighttrackerapp.R.color origin=null
            CALL 'public open fun setCurrentItem (p0: kotlin.Int): kotlin.Unit declared in androidx.viewpager2.widget.ViewPager2' type=kotlin.Unit origin=EQ
              $this: GET_FIELD 'FIELD IR_EXTERNAL_JAVA_DECLARATION_STUB name:viewpager2 type:@[EnhancedNullability] androidx.viewpager2.widget.ViewPager2 visibility:public [final] declared in com.example.liveflighttrackerapp.databinding.ActivityMainBinding' type=@[EnhancedNullability] androidx.viewpager2.widget.ViewPager2 superQualifierSymbol=com.example.liveflighttrackerapp.databinding.ActivityMainBinding origin=null
                receiver: GET_VAR '$this_apply: com.example.liveflighttrackerapp.databinding.ActivityMainBinding declared in com.example.liveflighttrackerapp.presentation.activities.MainActivity.initViewPagerAndBottomNavigationListener$lambda$28$lambda$27' type=com.example.liveflighttrackerapp.databinding.ActivityMainBinding origin=null
              p0: CONST Int type=kotlin.Int value=0
        BRANCH
          if: CALL 'public final fun EQEQ (arg0: kotlin.Any?, arg1: kotlin.Any?): kotlin.Boolean declared in kotlin.internal.ir' type=kotlin.Boolean origin=EQEQ
            arg0: GET_VAR 'val tmp0_subject: kotlin.Int [val] declared in com.example.liveflighttrackerapp.presentation.activities.MainActivity.initViewPagerAndBottomNavigationListener$lambda$28$lambda$27' type=kotlin.Int origin=null
            arg1: GET_FIELD 'FIELD IR_EXTERNAL_JAVA_DECLARATION_STUB name:nav_search type:kotlin.Int visibility:public [static] declared in com.example.liveflighttrackerapp.R.id' type=kotlin.Int superQualifierSymbol=com.example.liveflighttrackerapp.R.id origin=null
          then: BLOCK type=kotlin.Unit origin=null
            SET_FIELD 'FIELD IR_EXTERNAL_JAVA_DECLARATION_STUB name:statusBarColor type:kotlin.Int visibility:public [final,static] declared in android.R.attr' type=kotlin.Unit superQualifierSymbol=android.R.attr origin=EQ
              value: CALL 'public open fun getColor (p0: @[NonNull] @[FlexibleNullability] android.content.Context?, p1: kotlin.Int): kotlin.Int declared in androidx.core.content.ContextCompat' type=kotlin.Int origin=null
                p0: GET_VAR 'this$0: com.example.liveflighttrackerapp.presentation.activities.MainActivity declared in com.example.liveflighttrackerapp.presentation.activities.MainActivity.initViewPagerAndBottomNavigationListener$lambda$28$lambda$27' type=com.example.liveflighttrackerapp.presentation.activities.MainActivity origin=null
                p1: GET_FIELD 'FIELD IR_EXTERNAL_JAVA_DECLARATION_STUB name:app_background_color type:kotlin.Int visibility:public [static] declared in com.example.liveflighttrackerapp.R.color' type=kotlin.Int superQualifierSymbol=com.example.liveflighttrackerapp.R.color origin=null
            CALL 'public open fun setCurrentItem (p0: kotlin.Int): kotlin.Unit declared in androidx.viewpager2.widget.ViewPager2' type=kotlin.Unit origin=EQ
              $this: GET_FIELD 'FIELD IR_EXTERNAL_JAVA_DECLARATION_STUB name:viewpager2 type:@[EnhancedNullability] androidx.viewpager2.widget.ViewPager2 visibility:public [final] declared in com.example.liveflighttrackerapp.databinding.ActivityMainBinding' type=@[EnhancedNullability] androidx.viewpager2.widget.ViewPager2 superQualifierSymbol=com.example.liveflighttrackerapp.databinding.ActivityMainBinding origin=null
                receiver: GET_VAR '$this_apply: com.example.liveflighttrackerapp.databinding.ActivityMainBinding declared in com.example.liveflighttrackerapp.presentation.activities.MainActivity.initViewPagerAndBottomNavigationListener$lambda$28$lambda$27' type=com.example.liveflighttrackerapp.databinding.ActivityMainBinding origin=null
              p0: CONST Int type=kotlin.Int value=1
        BRANCH
          if: CALL 'public final fun EQEQ (arg0: kotlin.Any?, arg1: kotlin.Any?): kotlin.Boolean declared in kotlin.internal.ir' type=kotlin.Boolean origin=EQEQ
            arg0: GET_VAR 'val tmp0_subject: kotlin.Int [val] declared in com.example.liveflighttrackerapp.presentation.activities.MainActivity.initViewPagerAndBottomNavigationListener$lambda$28$lambda$27' type=kotlin.Int origin=null
            arg1: GET_FIELD 'FIELD IR_EXTERNAL_JAVA_DECLARATION_STUB name:nav_pro type:kotlin.Int visibility:public [static] declared in com.example.liveflighttrackerapp.R.id' type=kotlin.Int superQualifierSymbol=com.example.liveflighttrackerapp.R.id origin=null
          then: BLOCK type=kotlin.Unit origin=null
            SET_FIELD 'FIELD IR_EXTERNAL_JAVA_DECLARATION_STUB name:statusBarColor type:kotlin.Int visibility:public [final,static] declared in android.R.attr' type=kotlin.Unit superQualifierSymbol=android.R.attr origin=EQ
              value: CALL 'public open fun getColor (p0: @[NonNull] @[FlexibleNullability] android.content.Context?, p1: kotlin.Int): kotlin.Int declared in androidx.core.content.ContextCompat' type=kotlin.Int origin=null
                p0: GET_VAR 'this$0: com.example.liveflighttrackerapp.presentation.activities.MainActivity declared in com.example.liveflighttrackerapp.presentation.activities.MainActivity.initViewPagerAndBottomNavigationListener$lambda$28$lambda$27' type=com.example.liveflighttrackerapp.presentation.activities.MainActivity origin=null
                p1: GET_FIELD 'FIELD IR_EXTERNAL_JAVA_DECLARATION_STUB name:app_background_color type:kotlin.Int visibility:public [static] declared in com.example.liveflighttrackerapp.R.color' type=kotlin.Int superQualifierSymbol=com.example.liveflighttrackerapp.R.color origin=null
            CALL 'public open fun setCurrentItem (p0: kotlin.Int): kotlin.Unit declared in androidx.viewpager2.widget.ViewPager2' type=kotlin.Unit origin=EQ
              $this: GET_FIELD 'FIELD IR_EXTERNAL_JAVA_DECLARATION_STUB name:viewpager2 type:@[EnhancedNullability] androidx.viewpager2.widget.ViewPager2 visibility:public [final] declared in com.example.liveflighttrackerapp.databinding.ActivityMainBinding' type=@[EnhancedNullability] androidx.viewpager2.widget.ViewPager2 superQualifierSymbol=com.example.liveflighttrackerapp.databinding.ActivityMainBinding origin=null
                receiver: GET_VAR '$this_apply: com.example.liveflighttrackerapp.databinding.ActivityMainBinding declared in com.example.liveflighttrackerapp.presentation.activities.MainActivity.initViewPagerAndBottomNavigationListener$lambda$28$lambda$27' type=com.example.liveflighttrackerapp.databinding.ActivityMainBinding origin=null
              p0: CONST Int type=kotlin.Int value=2
        BRANCH
          if: CALL 'public final fun EQEQ (arg0: kotlin.Any?, arg1: kotlin.Any?): kotlin.Boolean declared in kotlin.internal.ir' type=kotlin.Boolean origin=EQEQ
            arg0: GET_VAR 'val tmp0_subject: kotlin.Int [val] declared in com.example.liveflighttrackerapp.presentation.activities.MainActivity.initViewPagerAndBottomNavigationListener$lambda$28$lambda$27' type=kotlin.Int origin=null
            arg1: GET_FIELD 'FIELD IR_EXTERNAL_JAVA_DECLARATION_STUB name:nav_setting type:kotlin.Int visibility:public [static] declared in com.example.liveflighttrackerapp.R.id' type=kotlin.Int superQualifierSymbol=com.example.liveflighttrackerapp.R.id origin=null
          then: BLOCK type=kotlin.Unit origin=null
            SET_FIELD 'FIELD IR_EXTERNAL_JAVA_DECLARATION_STUB name:statusBarColor type:kotlin.Int visibility:public [final,static] declared in android.R.attr' type=kotlin.Unit superQualifierSymbol=android.R.attr origin=EQ
              value: CALL 'public open fun getColor (p0: @[NonNull] @[FlexibleNullability] android.content.Context?, p1: kotlin.Int): kotlin.Int declared in androidx.core.content.ContextCompat' type=kotlin.Int origin=null
                p0: GET_VAR 'this$0: com.example.liveflighttrackerapp.presentation.activities.MainActivity declared in com.example.liveflighttrackerapp.presentation.activities.MainActivity.initViewPagerAndBottomNavigationListener$lambda$28$lambda$27' type=com.example.liveflighttrackerapp.presentation.activities.MainActivity origin=null
                p1: GET_FIELD 'FIELD IR_EXTERNAL_JAVA_DECLARATION_STUB name:app_background_color type:kotlin.Int visibility:public [static] declared in com.example.liveflighttrackerapp.R.color' type=kotlin.Int superQualifierSymbol=com.example.liveflighttrackerapp.R.color origin=null
            CALL 'public open fun setCurrentItem (p0: kotlin.Int): kotlin.Unit declared in androidx.viewpager2.widget.ViewPager2' type=kotlin.Unit origin=EQ
              $this: GET_FIELD 'FIELD IR_EXTERNAL_JAVA_DECLARATION_STUB name:viewpager2 type:@[EnhancedNullability] androidx.viewpager2.widget.ViewPager2 visibility:public [final] declared in com.example.liveflighttrackerapp.databinding.ActivityMainBinding' type=@[EnhancedNullability] androidx.viewpager2.widget.ViewPager2 superQualifierSymbol=com.example.liveflighttrackerapp.databinding.ActivityMainBinding origin=null
                receiver: GET_VAR '$this_apply: com.example.liveflighttrackerapp.databinding.ActivityMainBinding declared in com.example.liveflighttrackerapp.presentation.activities.MainActivity.initViewPagerAndBottomNavigationListener$lambda$28$lambda$27' type=com.example.liveflighttrackerapp.databinding.ActivityMainBinding origin=null
              p0: CONST Int type=kotlin.Int value=3
    RETURN type=kotlin.Nothing from='private final fun initViewPagerAndBottomNavigationListener$lambda$28$lambda$27 (this$0: com.example.liveflighttrackerapp.presentation.activities.MainActivity, $this_apply: com.example.liveflighttrackerapp.databinding.ActivityMainBinding, item: @[EnhancedNullability] android.view.MenuItem): kotlin.Boolean declared in com.example.liveflighttrackerapp.presentation.activities.MainActivity'
      CONST Boolean type=kotlin.Boolean value=true

	at org.jetbrains.kotlin.backend.jvm.codegen.FunctionCodegen.generate(FunctionCodegen.kt:47)
	at org.jetbrains.kotlin.backend.jvm.codegen.FunctionCodegen.generate$default(FunctionCodegen.kt:40)
	at org.jetbrains.kotlin.backend.jvm.codegen.ClassCodegen.generateMethodNode(ClassCodegen.kt:406)
	at org.jetbrains.kotlin.backend.jvm.codegen.ClassCodegen.generateMethod(ClassCodegen.kt:423)
	at org.jetbrains.kotlin.backend.jvm.codegen.ClassCodegen.generate(ClassCodegen.kt:168)
	at org.jetbrains.kotlin.backend.jvm.FileCodegen.lower(JvmPhases.kt:39)
	at org.jetbrains.kotlin.backend.common.phaser.PhaseFactoriesKt.createFilePhase$lambda$4(PhaseFactories.kt:71)
	at org.jetbrains.kotlin.backend.common.phaser.PhaseBuildersKt$createSimpleNamedCompilerPhase$1.phaseBody(PhaseBuilders.kt:69)
	at org.jetbrains.kotlin.backend.common.phaser.SimpleNamedCompilerPhase.phaseBody(CompilerPhase.kt:226)
	at org.jetbrains.kotlin.backend.common.phaser.AbstractNamedCompilerPhase.invoke(CompilerPhase.kt:113)
	at org.jetbrains.kotlin.backend.common.phaser.PerformByIrFilePhase.invokeSequential(performByIrFile.kt:62)
	... 43 more
Caused by: java.lang.AssertionError: access of const val: SET_FIELD 'FIELD IR_EXTERNAL_JAVA_DECLARATION_STUB name:statusBarColor type:kotlin.Int visibility:public [final,static] declared in android.R.attr' type=kotlin.Unit superQualifierSymbol=android.R.attr origin=EQ
  value: CALL 'public open fun getColor (p0: @[NonNull] @[FlexibleNullability] android.content.Context?, p1: kotlin.Int): kotlin.Int declared in androidx.core.content.ContextCompat' type=kotlin.Int origin=null
    p0: GET_VAR 'this$0: com.example.liveflighttrackerapp.presentation.activities.MainActivity declared in com.example.liveflighttrackerapp.presentation.activities.MainActivity.initViewPagerAndBottomNavigationListener$lambda$28$lambda$27' type=com.example.liveflighttrackerapp.presentation.activities.MainActivity origin=null
    p1: GET_FIELD 'FIELD IR_EXTERNAL_JAVA_DECLARATION_STUB name:white type:kotlin.Int visibility:public [static] declared in com.example.liveflighttrackerapp.R.color' type=kotlin.Int superQualifierSymbol=com.example.liveflighttrackerapp.R.color origin=null

	at org.jetbrains.kotlin.backend.jvm.codegen.ExpressionCodegen.visitFieldAccess(ExpressionCodegen.kt:861)
	at org.jetbrains.kotlin.backend.jvm.codegen.ExpressionCodegen.visitFieldAccess(ExpressionCodegen.kt:138)
	at org.jetbrains.kotlin.ir.visitors.IrElementVisitor$DefaultImpls.visitSetField(IrElementVisitor.kt:206)
	at org.jetbrains.kotlin.backend.jvm.codegen.ExpressionCodegen.visitSetField(ExpressionCodegen.kt:908)
	at org.jetbrains.kotlin.backend.jvm.codegen.ExpressionCodegen.visitSetField(ExpressionCodegen.kt:138)
	at org.jetbrains.kotlin.ir.expressions.IrSetField.accept(IrSetField.kt:21)
	at org.jetbrains.kotlin.backend.jvm.codegen.ExpressionCodegen.visitStatementContainer(ExpressionCodegen.kt:579)
	at org.jetbrains.kotlin.backend.jvm.codegen.ExpressionCodegen.visitContainerExpression(ExpressionCodegen.kt:593)
	at org.jetbrains.kotlin.backend.jvm.codegen.ExpressionCodegen.visitContainerExpression(ExpressionCodegen.kt:138)
	at org.jetbrains.kotlin.ir.visitors.IrElementVisitor$DefaultImpls.visitBlock(IrElementVisitor.kt:122)
	at org.jetbrains.kotlin.backend.jvm.codegen.ExpressionCodegen.visitBlock(ExpressionCodegen.kt:413)
	at org.jetbrains.kotlin.backend.jvm.codegen.ExpressionCodegen.visitBlock(ExpressionCodegen.kt:138)
	at org.jetbrains.kotlin.ir.expressions.IrBlock.accept(IrBlock.kt:18)
	at org.jetbrains.kotlin.backend.jvm.codegen.ExpressionCodegen.visitWhen(ExpressionCodegen.kt:1101)
	at org.jetbrains.kotlin.backend.jvm.codegen.ExpressionCodegen.visitWhen(ExpressionCodegen.kt:138)
	at org.jetbrains.kotlin.ir.expressions.IrWhen.accept(IrWhen.kt:24)
	at org.jetbrains.kotlin.backend.jvm.codegen.ExpressionCodegen.visitStatementContainer(ExpressionCodegen.kt:579)
	at org.jetbrains.kotlin.backend.jvm.codegen.ExpressionCodegen.visitContainerExpression(ExpressionCodegen.kt:593)
	at org.jetbrains.kotlin.backend.jvm.codegen.ExpressionCodegen.visitContainerExpression(ExpressionCodegen.kt:138)
	at org.jetbrains.kotlin.ir.visitors.IrElementVisitor$DefaultImpls.visitBlock(IrElementVisitor.kt:122)
	at org.jetbrains.kotlin.backend.jvm.codegen.ExpressionCodegen.visitBlock(ExpressionCodegen.kt:413)
	at org.jetbrains.kotlin.backend.jvm.codegen.ExpressionCodegen.visitBlock(ExpressionCodegen.kt:138)
	at org.jetbrains.kotlin.ir.expressions.IrBlock.accept(IrBlock.kt:18)
	at org.jetbrains.kotlin.backend.jvm.codegen.ExpressionCodegen.visitStatementContainer(ExpressionCodegen.kt:579)
	at org.jetbrains.kotlin.backend.jvm.codegen.ExpressionCodegen.visitBlockBody(ExpressionCodegen.kt:584)
	at org.jetbrains.kotlin.backend.jvm.codegen.ExpressionCodegen.visitBlockBody(ExpressionCodegen.kt:138)
	at org.jetbrains.kotlin.ir.expressions.IrBlockBody.accept(IrBlockBody.kt:20)
	at org.jetbrains.kotlin.backend.jvm.codegen.ExpressionCodegen.generate(ExpressionCodegen.kt:240)
	at org.jetbrains.kotlin.backend.jvm.codegen.FunctionCodegen.doGenerate(FunctionCodegen.kt:123)
	at org.jetbrains.kotlin.backend.jvm.codegen.FunctionCodegen.generate(FunctionCodegen.kt:44)
	... 53 more


